C:\Program Files (x86)\Microsoft Visual Studio\2017\Enterprise\Common7\IDE\VC\VCTargets\Microsoft.CppBuild.targets(387,5): warning MSB8028: The intermediate directory (Debug\) contains files shared from another project (SudokuGame.vcxproj).  This can lead to incorrect clean and rebuild behavior.
  sudoku_class.cpp
c:\users\john\documents\repositorycontrol\sudoku-game\vsproject\sudokugamelinux\sudokugame\sudoku_class.h(63): warning C4566: character represented by universal-character-name '\u250F' cannot be represented in the current code page (1252)
c:\users\john\documents\repositorycontrol\sudoku-game\vsproject\sudokugamelinux\sudokugame\sudoku_class.h(63): warning C4566: character represented by universal-character-name '\u2501' cannot be represented in the current code page (1252)
c:\users\john\documents\repositorycontrol\sudoku-game\vsproject\sudokugamelinux\sudokugame\sudoku_class.h(63): warning C4566: character represented by universal-character-name '\u252F' cannot be represented in the current code page (1252)
c:\users\john\documents\repositorycontrol\sudoku-game\vsproject\sudokugamelinux\sudokugame\sudoku_class.h(63): warning C4566: character represented by universal-character-name '\u2533' cannot be represented in the current code page (1252)
c:\users\john\documents\repositorycontrol\sudoku-game\vsproject\sudokugamelinux\sudokugame\sudoku_class.h(63): warning C4566: character represented by universal-character-name '\u2513' cannot be represented in the current code page (1252)
c:\users\john\documents\repositorycontrol\sudoku-game\vsproject\sudokugamelinux\sudokugame\sudoku_class.h(64): warning C4566: character represented by universal-character-name '\u2771' cannot be represented in the current code page (1252)
c:\users\john\documents\repositorycontrol\sudoku-game\vsproject\sudokugamelinux\sudokugame\sudoku_class.h(64): warning C4566: character represented by universal-character-name '\u2503' cannot be represented in the current code page (1252)
c:\users\john\documents\repositorycontrol\sudoku-game\vsproject\sudokugamelinux\sudokugame\sudoku_class.h(64): warning C4566: character represented by universal-character-name '\u2502' cannot be represented in the current code page (1252)
c:\users\john\documents\repositorycontrol\sudoku-game\vsproject\sudokugamelinux\sudokugame\sudoku_class.h(65): warning C4566: character represented by universal-character-name '\u2520' cannot be represented in the current code page (1252)
c:\users\john\documents\repositorycontrol\sudoku-game\vsproject\sudokugamelinux\sudokugame\sudoku_class.h(65): warning C4566: character represented by universal-character-name '\u2500' cannot be represented in the current code page (1252)
c:\users\john\documents\repositorycontrol\sudoku-game\vsproject\sudokugamelinux\sudokugame\sudoku_class.h(65): warning C4566: character represented by universal-character-name '\u253C' cannot be represented in the current code page (1252)
c:\users\john\documents\repositorycontrol\sudoku-game\vsproject\sudokugamelinux\sudokugame\sudoku_class.h(65): warning C4566: character represented by universal-character-name '\u2542' cannot be represented in the current code page (1252)
c:\users\john\documents\repositorycontrol\sudoku-game\vsproject\sudokugamelinux\sudokugame\sudoku_class.h(65): warning C4566: character represented by universal-character-name '\u2528' cannot be represented in the current code page (1252)
c:\users\john\documents\repositorycontrol\sudoku-game\vsproject\sudokugamelinux\sudokugame\sudoku_class.h(66): warning C4566: character represented by universal-character-name '\u2771' cannot be represented in the current code page (1252)
c:\users\john\documents\repositorycontrol\sudoku-game\vsproject\sudokugamelinux\sudokugame\sudoku_class.h(66): warning C4566: character represented by universal-character-name '\u2503' cannot be represented in the current code page (1252)
c:\users\john\documents\repositorycontrol\sudoku-game\vsproject\sudokugamelinux\sudokugame\sudoku_class.h(66): warning C4566: character represented by universal-character-name '\u2502' cannot be represented in the current code page (1252)
c:\users\john\documents\repositorycontrol\sudoku-game\vsproject\sudokugamelinux\sudokugame\sudoku_class.h(67): warning C4566: character represented by universal-character-name '\u2520' cannot be represented in the current code page (1252)
c:\users\john\documents\repositorycontrol\sudoku-game\vsproject\sudokugamelinux\sudokugame\sudoku_class.h(67): warning C4566: character represented by universal-character-name '\u2500' cannot be represented in the current code page (1252)
c:\users\john\documents\repositorycontrol\sudoku-game\vsproject\sudokugamelinux\sudokugame\sudoku_class.h(67): warning C4566: character represented by universal-character-name '\u253C' cannot be represented in the current code page (1252)
c:\users\john\documents\repositorycontrol\sudoku-game\vsproject\sudokugamelinux\sudokugame\sudoku_class.h(67): warning C4566: character represented by universal-character-name '\u2542' cannot be represented in the current code page (1252)
c:\users\john\documents\repositorycontrol\sudoku-game\vsproject\sudokugamelinux\sudokugame\sudoku_class.h(67): warning C4566: character represented by universal-character-name '\u2528' cannot be represented in the current code page (1252)
c:\users\john\documents\repositorycontrol\sudoku-game\vsproject\sudokugamelinux\sudokugame\sudoku_class.h(68): warning C4566: character represented by universal-character-name '\u2771' cannot be represented in the current code page (1252)
c:\users\john\documents\repositorycontrol\sudoku-game\vsproject\sudokugamelinux\sudokugame\sudoku_class.h(68): warning C4566: character represented by universal-character-name '\u2503' cannot be represented in the current code page (1252)
c:\users\john\documents\repositorycontrol\sudoku-game\vsproject\sudokugamelinux\sudokugame\sudoku_class.h(68): warning C4566: character represented by universal-character-name '\u2502' cannot be represented in the current code page (1252)
c:\users\john\documents\repositorycontrol\sudoku-game\vsproject\sudokugamelinux\sudokugame\sudoku_class.h(69): warning C4566: character represented by universal-character-name '\u2523' cannot be represented in the current code page (1252)
c:\users\john\documents\repositorycontrol\sudoku-game\vsproject\sudokugamelinux\sudokugame\sudoku_class.h(69): warning C4566: character represented by universal-character-name '\u2501' cannot be represented in the current code page (1252)
c:\users\john\documents\repositorycontrol\sudoku-game\vsproject\sudokugamelinux\sudokugame\sudoku_class.h(69): warning C4566: character represented by universal-character-name '\u253F' cannot be represented in the current code page (1252)
c:\users\john\documents\repositorycontrol\sudoku-game\vsproject\sudokugamelinux\sudokugame\sudoku_class.h(69): warning C4566: character represented by universal-character-name '\u254B' cannot be represented in the current code page (1252)
c:\users\john\documents\repositorycontrol\sudoku-game\vsproject\sudokugamelinux\sudokugame\sudoku_class.h(69): warning C4566: character represented by universal-character-name '\u252B' cannot be represented in the current code page (1252)
c:\users\john\documents\repositorycontrol\sudoku-game\vsproject\sudokugamelinux\sudokugame\sudoku_class.h(70): warning C4566: character represented by universal-character-name '\u2771' cannot be represented in the current code page (1252)
c:\users\john\documents\repositorycontrol\sudoku-game\vsproject\sudokugamelinux\sudokugame\sudoku_class.h(70): warning C4566: character represented by universal-character-name '\u2503' cannot be represented in the current code page (1252)
c:\users\john\documents\repositorycontrol\sudoku-game\vsproject\sudokugamelinux\sudokugame\sudoku_class.h(70): warning C4566: character represented by universal-character-name '\u2502' cannot be represented in the current code page (1252)
c:\users\john\documents\repositorycontrol\sudoku-game\vsproject\sudokugamelinux\sudokugame\sudoku_class.h(71): warning C4566: character represented by universal-character-name '\u2520' cannot be represented in the current code page (1252)
c:\users\john\documents\repositorycontrol\sudoku-game\vsproject\sudokugamelinux\sudokugame\sudoku_class.h(71): warning C4566: character represented by universal-character-name '\u2500' cannot be represented in the current code page (1252)
c:\users\john\documents\repositorycontrol\sudoku-game\vsproject\sudokugamelinux\sudokugame\sudoku_class.h(71): warning C4566: character represented by universal-character-name '\u253C' cannot be represented in the current code page (1252)
c:\users\john\documents\repositorycontrol\sudoku-game\vsproject\sudokugamelinux\sudokugame\sudoku_class.h(71): warning C4566: character represented by universal-character-name '\u2542' cannot be represented in the current code page (1252)
c:\users\john\documents\repositorycontrol\sudoku-game\vsproject\sudokugamelinux\sudokugame\sudoku_class.h(71): warning C4566: character represented by universal-character-name '\u2528' cannot be represented in the current code page (1252)
c:\users\john\documents\repositorycontrol\sudoku-game\vsproject\sudokugamelinux\sudokugame\sudoku_class.h(72): warning C4566: character represented by universal-character-name '\u2771' cannot be represented in the current code page (1252)
c:\users\john\documents\repositorycontrol\sudoku-game\vsproject\sudokugamelinux\sudokugame\sudoku_class.h(72): warning C4566: character represented by universal-character-name '\u2503' cannot be represented in the current code page (1252)
c:\users\john\documents\repositorycontrol\sudoku-game\vsproject\sudokugamelinux\sudokugame\sudoku_class.h(72): warning C4566: character represented by universal-character-name '\u2502' cannot be represented in the current code page (1252)
c:\users\john\documents\repositorycontrol\sudoku-game\vsproject\sudokugamelinux\sudokugame\sudoku_class.h(73): warning C4566: character represented by universal-character-name '\u2520' cannot be represented in the current code page (1252)
c:\users\john\documents\repositorycontrol\sudoku-game\vsproject\sudokugamelinux\sudokugame\sudoku_class.h(73): warning C4566: character represented by universal-character-name '\u2500' cannot be represented in the current code page (1252)
c:\users\john\documents\repositorycontrol\sudoku-game\vsproject\sudokugamelinux\sudokugame\sudoku_class.h(73): warning C4566: character represented by universal-character-name '\u253C' cannot be represented in the current code page (1252)
c:\users\john\documents\repositorycontrol\sudoku-game\vsproject\sudokugamelinux\sudokugame\sudoku_class.h(73): warning C4566: character represented by universal-character-name '\u2542' cannot be represented in the current code page (1252)
c:\users\john\documents\repositorycontrol\sudoku-game\vsproject\sudokugamelinux\sudokugame\sudoku_class.h(73): warning C4566: character represented by universal-character-name '\u2528' cannot be represented in the current code page (1252)
c:\users\john\documents\repositorycontrol\sudoku-game\vsproject\sudokugamelinux\sudokugame\sudoku_class.h(74): warning C4566: character represented by universal-character-name '\u2771' cannot be represented in the current code page (1252)
c:\users\john\documents\repositorycontrol\sudoku-game\vsproject\sudokugamelinux\sudokugame\sudoku_class.h(74): warning C4566: character represented by universal-character-name '\u2503' cannot be represented in the current code page (1252)
c:\users\john\documents\repositorycontrol\sudoku-game\vsproject\sudokugamelinux\sudokugame\sudoku_class.h(74): warning C4566: character represented by universal-character-name '\u2502' cannot be represented in the current code page (1252)
c:\users\john\documents\repositorycontrol\sudoku-game\vsproject\sudokugamelinux\sudokugame\sudoku_class.h(75): warning C4566: character represented by universal-character-name '\u2523' cannot be represented in the current code page (1252)
c:\users\john\documents\repositorycontrol\sudoku-game\vsproject\sudokugamelinux\sudokugame\sudoku_class.h(75): warning C4566: character represented by universal-character-name '\u2501' cannot be represented in the current code page (1252)
c:\users\john\documents\repositorycontrol\sudoku-game\vsproject\sudokugamelinux\sudokugame\sudoku_class.h(75): warning C4566: character represented by universal-character-name '\u253F' cannot be represented in the current code page (1252)
c:\users\john\documents\repositorycontrol\sudoku-game\vsproject\sudokugamelinux\sudokugame\sudoku_class.h(75): warning C4566: character represented by universal-character-name '\u254B' cannot be represented in the current code page (1252)
c:\users\john\documents\repositorycontrol\sudoku-game\vsproject\sudokugamelinux\sudokugame\sudoku_class.h(75): warning C4566: character represented by universal-character-name '\u252B' cannot be represented in the current code page (1252)
c:\users\john\documents\repositorycontrol\sudoku-game\vsproject\sudokugamelinux\sudokugame\sudoku_class.h(76): warning C4566: character represented by universal-character-name '\u2771' cannot be represented in the current code page (1252)
c:\users\john\documents\repositorycontrol\sudoku-game\vsproject\sudokugamelinux\sudokugame\sudoku_class.h(76): warning C4566: character represented by universal-character-name '\u2503' cannot be represented in the current code page (1252)
c:\users\john\documents\repositorycontrol\sudoku-game\vsproject\sudokugamelinux\sudokugame\sudoku_class.h(76): warning C4566: character represented by universal-character-name '\u2502' cannot be represented in the current code page (1252)
c:\users\john\documents\repositorycontrol\sudoku-game\vsproject\sudokugamelinux\sudokugame\sudoku_class.h(77): warning C4566: character represented by universal-character-name '\u2520' cannot be represented in the current code page (1252)
c:\users\john\documents\repositorycontrol\sudoku-game\vsproject\sudokugamelinux\sudokugame\sudoku_class.h(77): warning C4566: character represented by universal-character-name '\u2500' cannot be represented in the current code page (1252)
c:\users\john\documents\repositorycontrol\sudoku-game\vsproject\sudokugamelinux\sudokugame\sudoku_class.h(77): warning C4566: character represented by universal-character-name '\u253C' cannot be represented in the current code page (1252)
c:\users\john\documents\repositorycontrol\sudoku-game\vsproject\sudokugamelinux\sudokugame\sudoku_class.h(77): warning C4566: character represented by universal-character-name '\u2542' cannot be represented in the current code page (1252)
c:\users\john\documents\repositorycontrol\sudoku-game\vsproject\sudokugamelinux\sudokugame\sudoku_class.h(77): warning C4566: character represented by universal-character-name '\u2528' cannot be represented in the current code page (1252)
c:\users\john\documents\repositorycontrol\sudoku-game\vsproject\sudokugamelinux\sudokugame\sudoku_class.h(78): warning C4566: character represented by universal-character-name '\u2771' cannot be represented in the current code page (1252)
c:\users\john\documents\repositorycontrol\sudoku-game\vsproject\sudokugamelinux\sudokugame\sudoku_class.h(78): warning C4566: character represented by universal-character-name '\u2503' cannot be represented in the current code page (1252)
c:\users\john\documents\repositorycontrol\sudoku-game\vsproject\sudokugamelinux\sudokugame\sudoku_class.h(78): warning C4566: character represented by universal-character-name '\u2502' cannot be represented in the current code page (1252)
c:\users\john\documents\repositorycontrol\sudoku-game\vsproject\sudokugamelinux\sudokugame\sudoku_class.h(79): warning C4566: character represented by universal-character-name '\u2520' cannot be represented in the current code page (1252)
c:\users\john\documents\repositorycontrol\sudoku-game\vsproject\sudokugamelinux\sudokugame\sudoku_class.h(79): warning C4566: character represented by universal-character-name '\u2500' cannot be represented in the current code page (1252)
c:\users\john\documents\repositorycontrol\sudoku-game\vsproject\sudokugamelinux\sudokugame\sudoku_class.h(79): warning C4566: character represented by universal-character-name '\u253C' cannot be represented in the current code page (1252)
c:\users\john\documents\repositorycontrol\sudoku-game\vsproject\sudokugamelinux\sudokugame\sudoku_class.h(79): warning C4566: character represented by universal-character-name '\u2542' cannot be represented in the current code page (1252)
c:\users\john\documents\repositorycontrol\sudoku-game\vsproject\sudokugamelinux\sudokugame\sudoku_class.h(79): warning C4566: character represented by universal-character-name '\u2528' cannot be represented in the current code page (1252)
c:\users\john\documents\repositorycontrol\sudoku-game\vsproject\sudokugamelinux\sudokugame\sudoku_class.h(80): warning C4566: character represented by universal-character-name '\u2771' cannot be represented in the current code page (1252)
c:\users\john\documents\repositorycontrol\sudoku-game\vsproject\sudokugamelinux\sudokugame\sudoku_class.h(80): warning C4566: character represented by universal-character-name '\u2503' cannot be represented in the current code page (1252)
c:\users\john\documents\repositorycontrol\sudoku-game\vsproject\sudokugamelinux\sudokugame\sudoku_class.h(80): warning C4566: character represented by universal-character-name '\u2502' cannot be represented in the current code page (1252)
c:\users\john\documents\repositorycontrol\sudoku-game\vsproject\sudokugamelinux\sudokugame\sudoku_class.h(81): warning C4566: character represented by universal-character-name '\u2517' cannot be represented in the current code page (1252)
c:\users\john\documents\repositorycontrol\sudoku-game\vsproject\sudokugamelinux\sudokugame\sudoku_class.h(81): warning C4566: character represented by universal-character-name '\u2501' cannot be represented in the current code page (1252)
c:\users\john\documents\repositorycontrol\sudoku-game\vsproject\sudokugamelinux\sudokugame\sudoku_class.h(81): warning C4566: character represented by universal-character-name '\u2537' cannot be represented in the current code page (1252)
c:\users\john\documents\repositorycontrol\sudoku-game\vsproject\sudokugamelinux\sudokugame\sudoku_class.h(81): warning C4566: character represented by universal-character-name '\u253B' cannot be represented in the current code page (1252)
c:\users\john\documents\repositorycontrol\sudoku-game\vsproject\sudokugamelinux\sudokugame\sudoku_class.h(81): warning C4566: character represented by universal-character-name '\u251B' cannot be represented in the current code page (1252)
c:\users\john\documents\repositorycontrol\sudoku-game\vsproject\sudokugamelinux\sudokugame\sudoku_class.cpp(530): warning C4244: '=': conversion from 'double' to 'int', possible loss of data
  SudokuGame.vcxproj -> C:\Users\John\Documents\RepositoryControl\sudoku-game\VSProject\SudokuGameLinux\Debug\SudokuGameLinux.exe
